[INFO] Scanning for projects...
[INFO] 
[INFO] ------------------------< com.example:finance >-------------------------
[INFO] Building finance 0.0.1-SNAPSHOT
[INFO]   from pom.xml
[INFO] --------------------------------[ jar ]---------------------------------
[INFO] 
[INFO] >>> spring-boot:3.5.5:run (default-cli) > test-compile @ finance >>>
[INFO] 
[INFO] --- resources:3.3.1:resources (default-resources) @ finance ---
[INFO] Copying 1 resource from src/main/resources to target/classes
[INFO] Copying 7 resources from src/main/resources to target/classes
[INFO] 
[INFO] --- compiler:3.14.0:compile (default-compile) @ finance ---
[INFO] Recompiling the module because of changed source code.
[INFO] Compiling 40 source files with javac [debug parameters release 21] to target/classes
[WARNING] /Users/nishantjain/Desktop/fullstackapp/backend/banking-app/src/main/java/com/example/finance/accounts/AccountMapper.java:[13,13] Unmapped target properties: "id, user, accountNumber, balance, accountStatus, createdAt".
[WARNING] /Users/nishantjain/Desktop/fullstackapp/backend/banking-app/src/main/java/com/example/finance/accounts/AccountMapper.java:[14,10] Unmapped target property: "user".
[WARNING] /Users/nishantjain/Desktop/fullstackapp/backend/banking-app/src/main/java/com/example/finance/transactions/TransactionMapper.java:[8,17] Unmapped target properties: "id, sourceAccount, destinationAccount, type, status, createdAt".
[WARNING] /Users/nishantjain/Desktop/fullstackapp/backend/banking-app/src/main/java/com/example/finance/transactions/TransactionMapper.java:[13,10] Unmapped target properties: "id, sourceAccount, destinationAccount, type, status, createdAt".
[WARNING] /Users/nishantjain/Desktop/fullstackapp/backend/banking-app/src/main/java/com/example/finance/users/UserMapper.java:[9,10] Unmapped target properties: "id, passwordHash, createdAt".
[WARNING] /Users/nishantjain/Desktop/fullstackapp/backend/banking-app/src/main/java/com/example/finance/users/UserMapper.java:[10,10] Unmapped target properties: "passwordHash, createdAt".
[INFO] 
[INFO] --- resources:3.3.1:testResources (default-testResources) @ finance ---
[INFO] skip non existing resourceDirectory /Users/nishantjain/Desktop/fullstackapp/backend/banking-app/src/test/resources
[INFO] 
[INFO] --- compiler:3.14.0:testCompile (default-testCompile) @ finance ---
[INFO] Recompiling the module because of changed dependency.
[INFO] Compiling 1 source file with javac [debug parameters release 21] to target/test-classes
[INFO] 
[INFO] <<< spring-boot:3.5.5:run (default-cli) < test-compile @ finance <<<
[INFO] 
[INFO] 
[INFO] --- spring-boot:3.5.5:run (default-cli) @ finance ---
[INFO] Attaching agents: []

  .   ____          _            __ _ _
 /\\ / ___'_ __ _ _(_)_ __  __ _ \ \ \ \
( ( )\___ | '_ | '_| | '_ \/ _` | \ \ \ \
 \\/  ___)| |_)| | | | | || (_| |  ) ) ) )
  '  |____| .__|_| |_|_| |_\__, | / / / /
 =========|_|==============|___/=/_/_/_/

 :: Spring Boot ::                (v3.5.5)

2025-09-25T01:06:28.101-07:00  INFO 38128 --- [finance] [           main] com.example.finance.FinanceApplication   : Starting FinanceApplication using Java 21.0.8 with PID 38128 (/Users/nishantjain/Desktop/fullstackapp/backend/banking-app/target/classes started by nishantjain in /Users/nishantjain/Desktop/fullstackapp/backend/banking-app)
2025-09-25T01:06:28.102-07:00  INFO 38128 --- [finance] [           main] com.example.finance.FinanceApplication   : No active profile set, falling back to 1 default profile: "default"
2025-09-25T01:06:28.395-07:00  INFO 38128 --- [finance] [           main] .s.d.r.c.RepositoryConfigurationDelegate : Bootstrapping Spring Data JPA repositories in DEFAULT mode.
2025-09-25T01:06:28.419-07:00  INFO 38128 --- [finance] [           main] .s.d.r.c.RepositoryConfigurationDelegate : Finished Spring Data repository scanning in 20 ms. Found 4 JPA repository interfaces.
2025-09-25T01:06:28.620-07:00  INFO 38128 --- [finance] [           main] o.s.b.w.embedded.tomcat.TomcatWebServer  : Tomcat initialized with port 8080 (http)
2025-09-25T01:06:28.625-07:00  INFO 38128 --- [finance] [           main] o.apache.catalina.core.StandardService   : Starting service [Tomcat]
2025-09-25T01:06:28.626-07:00  INFO 38128 --- [finance] [           main] o.apache.catalina.core.StandardEngine    : Starting Servlet engine: [Apache Tomcat/10.1.44]
2025-09-25T01:06:28.645-07:00  INFO 38128 --- [finance] [           main] o.a.c.c.C.[Tomcat].[localhost].[/]       : Initializing Spring embedded WebApplicationContext
2025-09-25T01:06:28.646-07:00  INFO 38128 --- [finance] [           main] w.s.c.ServletWebServerApplicationContext : Root WebApplicationContext: initialization completed in 527 ms
2025-09-25T01:06:28.747-07:00  INFO 38128 --- [finance] [           main] com.zaxxer.hikari.HikariDataSource       : HikariPool-1 - Starting...
2025-09-25T01:06:28.904-07:00  INFO 38128 --- [finance] [           main] com.zaxxer.hikari.pool.HikariPool        : HikariPool-1 - Added connection com.mysql.cj.jdbc.ConnectionImpl@77b71c9
2025-09-25T01:06:28.904-07:00  INFO 38128 --- [finance] [           main] com.zaxxer.hikari.HikariDataSource       : HikariPool-1 - Start completed.
2025-09-25T01:06:28.923-07:00  INFO 38128 --- [finance] [           main] org.flywaydb.core.FlywayExecutor         : Database: jdbc:mysql://localhost:3306/finance (MySQL 8.4)
2025-09-25T01:06:28.931-07:00  WARN 38128 --- [finance] [           main] o.f.c.internal.database.base.Database    : Flyway upgrade recommended: MySQL 8.4 is newer than this version of Flyway and support has not been tested. The latest supported version of MySQL is 8.1.
2025-09-25T01:06:28.950-07:00  INFO 38128 --- [finance] [           main] o.f.core.internal.command.DbValidate     : Successfully validated 7 migrations (execution time 00:00.014s)
2025-09-25T01:06:28.958-07:00  INFO 38128 --- [finance] [           main] o.f.core.internal.command.DbMigrate      : Current version of schema `finance`: 7
2025-09-25T01:06:28.959-07:00  INFO 38128 --- [finance] [           main] o.f.core.internal.command.DbMigrate      : Schema `finance` is up to date. No migration necessary.
2025-09-25T01:06:28.991-07:00  INFO 38128 --- [finance] [           main] o.hibernate.jpa.internal.util.LogHelper  : HHH000204: Processing PersistenceUnitInfo [name: default]
2025-09-25T01:06:29.008-07:00  INFO 38128 --- [finance] [           main] org.hibernate.Version                    : HHH000412: Hibernate ORM core version 6.6.26.Final
2025-09-25T01:06:29.019-07:00  INFO 38128 --- [finance] [           main] o.h.c.internal.RegionFactoryInitiator    : HHH000026: Second-level cache disabled
2025-09-25T01:06:29.109-07:00  INFO 38128 --- [finance] [           main] o.s.o.j.p.SpringPersistenceUnitInfo      : No LoadTimeWeaver setup: ignoring JPA class transformer
2025-09-25T01:06:29.132-07:00  WARN 38128 --- [finance] [           main] org.hibernate.orm.deprecation            : HHH90000025: MySQLDialect does not need to be specified explicitly using 'hibernate.dialect' (remove the property setting and it will be selected by default)
2025-09-25T01:06:29.136-07:00  INFO 38128 --- [finance] [           main] org.hibernate.orm.connections.pooling    : HHH10001005: Database info:
	Database JDBC URL [Connecting through datasource 'HikariDataSource (HikariPool-1)']
	Database driver: undefined/unknown
	Database version: 8.4.6
	Autocommit mode: undefined/unknown
	Isolation level: undefined/unknown
	Minimum pool size: undefined/unknown
	Maximum pool size: undefined/unknown
2025-09-25T01:06:29.504-07:00  INFO 38128 --- [finance] [           main] o.h.e.t.j.p.i.JtaPlatformInitiator       : HHH000489: No JTA platform available (set 'hibernate.transaction.jta.platform' to enable JTA platform integration)
2025-09-25T01:06:29.505-07:00  INFO 38128 --- [finance] [           main] j.LocalContainerEntityManagerFactoryBean : Initialized JPA EntityManagerFactory for persistence unit 'default'
2025-09-25T01:06:29.593-07:00  INFO 38128 --- [finance] [           main] o.s.d.j.r.query.QueryEnhancerFactory     : Hibernate is in classpath; If applicable, HQL parser will be used.
2025-09-25T01:06:29.952-07:00  WARN 38128 --- [finance] [           main] JpaBaseConfiguration$JpaWebConfiguration : spring.jpa.open-in-view is enabled by default. Therefore, database queries may be performed during view rendering. Explicitly configure spring.jpa.open-in-view to disable this warning
2025-09-25T01:06:29.965-07:00  WARN 38128 --- [finance] [           main] .s.s.UserDetailsServiceAutoConfiguration : 

Using generated security password: 91127c9b-b939-4d9b-9149-eedb46f926a3

This generated password is for development use only. Your security configuration must be updated before running your application in production.

2025-09-25T01:06:29.968-07:00  INFO 38128 --- [finance] [           main] r$InitializeUserDetailsManagerConfigurer : Global AuthenticationManager configured with UserDetailsService bean with name inMemoryUserDetailsManager
2025-09-25T01:06:30.196-07:00  INFO 38128 --- [finance] [           main] o.s.b.w.embedded.tomcat.TomcatWebServer  : Tomcat started on port 8080 (http) with context path '/'
2025-09-25T01:06:30.201-07:00  INFO 38128 --- [finance] [           main] com.example.finance.FinanceApplication   : Started FinanceApplication in 2.258 seconds (process running for 2.375)
2025-09-25T01:06:48.601-07:00  INFO 38128 --- [finance] [nio-8080-exec-1] o.a.c.c.C.[Tomcat].[localhost].[/]       : Initializing Spring DispatcherServlet 'dispatcherServlet'
2025-09-25T01:06:48.601-07:00  INFO 38128 --- [finance] [nio-8080-exec-1] o.s.web.servlet.DispatcherServlet        : Initializing Servlet 'dispatcherServlet'
2025-09-25T01:06:48.602-07:00  INFO 38128 --- [finance] [nio-8080-exec-1] o.s.web.servlet.DispatcherServlet        : Completed initialization in 1 ms
Hibernate: select a1_0.id,a1_0.account_number,a1_0.account_status,a1_0.account_type,a1_0.balance,a1_0.created_at,a1_0.user_id from accounts a1_0 where a1_0.account_number=?
Hibernate: select a1_0.id,a1_0.account_number,a1_0.account_status,a1_0.account_type,a1_0.balance,a1_0.created_at,a1_0.user_id from accounts a1_0 where a1_0.account_number=?
Hibernate: delete from accounts where id=?
2025-09-25T01:06:59.853-07:00  INFO 38128 --- [finance] [ionShutdownHook] o.s.b.w.e.tomcat.GracefulShutdown        : Commencing graceful shutdown. Waiting for active requests to complete
2025-09-25T01:06:59.855-07:00  INFO 38128 --- [finance] [tomcat-shutdown] o.s.b.w.e.tomcat.GracefulShutdown        : Graceful shutdown complete
2025-09-25T01:06:59.858-07:00  INFO 38128 --- [finance] [ionShutdownHook] j.LocalContainerEntityManagerFactoryBean : Closing JPA EntityManagerFactory for persistence unit 'default'
2025-09-25T01:06:59.859-07:00  INFO 38128 --- [finance] [ionShutdownHook] com.zaxxer.hikari.HikariDataSource       : HikariPool-1 - Shutdown initiated...
2025-09-25T01:06:59.861-07:00  INFO 38128 --- [finance] [ionShutdownHook] com.zaxxer.hikari.HikariDataSource       : HikariPool-1 - Shutdown completed.
